<?xml version="1.0" encoding="UTF-8"?>
<!-- Generated by org.testng.reporters.JUnitXMLReporter -->
<testsuite ignored="6" hostname="NagarjunReddy" failures="0" tests="5" name="Default test" time="0.069" errors="0" timestamp="2024-02-08T10:34:57 IST">
  <testcase classname="testng.GroupsTest" name="TC_Login_08" time="0.008"/>
  <testcase classname="testng.GroupsTest" name="TC_Login_03" time="0.0"/>
  <testcase classname="testng.GroupsTest" name="TC_Login_02" time="0.001"/>
  <testcase classname="testng.GroupsTest" name="TC_Login_01" time="0.001"/>
  <testcase classname="testng.GroupsTest" name="TC_Login_11" time="0.003"/>
  <testcase classname="testng.GroupsTest" name="TC_Login_10" time="0.0">
    <ignored/>
  </testcase> <!-- TC_Login_10 -->
  <testcase classname="testng.GroupsTest" name="TC_Login_09" time="0.0">
    <ignored/>
  </testcase> <!-- TC_Login_09 -->
  <testcase classname="testng.GroupsTest" name="TC_Login_06" time="0.0">
    <ignored/>
  </testcase> <!-- TC_Login_06 -->
  <testcase classname="testng.GroupsTest" name="TC_Login_07" time="0.0">
    <ignored/>
  </testcase> <!-- TC_Login_07 -->
  <testcase classname="testng.GroupsTest" name="TC_Login_04" time="0.0">
    <ignored/>
  </testcase> <!-- TC_Login_04 -->
  <testcase classname="testng.GroupsTest" name="TC_Login_05" time="0.0">
    <ignored/>
  </testcase> <!-- TC_Login_05 -->
</testsuite> <!-- Default test -->
