<?xml version="1.0" encoding="UTF-8"?>
<!-- Generated by org.testng.reporters.JUnitXMLReporter -->
<testsuite ignored="0" hostname="NagarjunReddy" failures="1" tests="4" name="Test2" time="14.988" errors="0" timestamp="2024-02-09T10:38:14 IST">
  <testcase classname="testng.AutomationTest2" name="TC_Login_01" time="0.014"/>
  <testcase classname="testng.AutomationTest2" name="TC_Login_02" time="1.801"/>
  <testcase classname="testng.AutomationTest3" name="TC_Login_01" time="0.013"/>
  <testcase classname="testng.AutomationTest3" name="TC_Login_02" time="0.729">
    <failure type="java.lang.Exception" message="User is not logged in. Please check the login details.">
      <![CDATA[java.lang.Exception: User is not logged in. Please check the login details.
at testng.AutomationTest3.TC_Login_02(AutomationTest3.java:61)
at java.base/java.util.ArrayList.forEach(ArrayList.java:1511)
at java.base/java.util.concurrent.FutureTask.run(FutureTask.java:264)
at java.base/java.util.concurrent.ThreadPoolExecutor.runWorker(ThreadPoolExecutor.java:1136)
at java.base/java.util.concurrent.ThreadPoolExecutor$Worker.run(ThreadPoolExecutor.java:635)
at java.base/java.lang.Thread.run(Thread.java:833)
... Removed 17 stack frames]]>
    </failure>
  </testcase> <!-- TC_Login_02 -->
</testsuite> <!-- Test2 -->
