<?xml version="1.0" encoding="UTF-8"?>
<!-- Generated by org.testng.reporters.JUnitXMLReporter -->
<testsuite ignored="0" hostname="NagarjunReddy" failures="0" tests="3" name="Test1" time="0.035" errors="0" timestamp="14 Feb 2024 05:56:38 GMT">
  <testcase classname="testng.DataProviderMethod1" name="TC_Login_01" time="0.008"/>
  <testcase classname="testng.DataProviderMethod1" name="TC_Login_02" time="0.003"/>
  <testcase classname="testng.DataProviderMethod1" name="TC_Login_03" time="0.0"/>
</testsuite> <!-- Test1 -->
