<?xml version="1.0" encoding="UTF-8"?>
<!-- Generated by org.testng.reporters.JUnitXMLReporter -->
<testsuite ignored="0" hostname="NagarjunReddy" failures="1" tests="2" name="Test1" time="8.608" errors="0" timestamp="19 Feb 2024 05:36:36 GMT">
  <testcase classname="datadriven.ExtentReportsTest" name="TC_Login_01" time="0.013">
    <failure type="java.lang.Exception" message="Actual and expected page titles are NOT equal">
      <![CDATA[java.lang.Exception: Actual and expected page titles are NOT equal
at datadriven.ExtentReportsTest.TC_Login_01(ExtentReportsTest.java:76)
... Removed 25 stack frames]]>
    </failure>
  </testcase> <!-- TC_Login_01 -->
  <testcase classname="datadriven.ExtentReportsTest" name="TC_Login_02" time="1.322"/>
</testsuite> <!-- Test1 -->
