<?xml version="1.0" encoding="UTF-8"?>
<testng-results ignored="0" total="4" passed="4" failed="0" skipped="0">
  <reporter-output>
  </reporter-output>
  <suite started-at="2024-02-08T11:28:21 IST" name="Suite" finished-at="2024-02-08T11:28:38 IST" duration-ms="16898">
    <groups>
    </groups>
    <test started-at="2024-02-08T11:28:21 IST" name="Test1" finished-at="2024-02-08T11:28:32 IST" duration-ms="11194">
      <class name="testng.AutomationTest3">
        <test-method is-config="true" signature="launchApp(java.lang.String,java.lang.String)[pri:0, instance:testng.AutomationTest3@5677323c]" started-at="2024-02-08T11:28:21 IST" name="launchApp" finished-at="2024-02-08T11:28:29 IST" duration-ms="8376" status="PASS">
          <params>
            <param index="0">
              <value>
                <![CDATA[firefox]]>
              </value>
            </param>
            <param index="1">
              <value>
                <![CDATA[https://opensource-demo.orangehrmlive.com/web/index.php/auth/login]]>
              </value>
            </param>
          </params>
          <reporter-output>
          </reporter-output>
        </test-method> <!-- launchApp -->
        <test-method signature="TC_Login_01()[pri:0, instance:testng.AutomationTest3@5677323c]" started-at="2024-02-08T11:28:29 IST" name="TC_Login_01" finished-at="2024-02-08T11:28:29 IST" duration-ms="10" status="PASS">
          <reporter-output>
          </reporter-output>
        </test-method> <!-- TC_Login_01 -->
        <test-method signature="TC_Login_02()[pri:0, instance:testng.AutomationTest3@5677323c]" started-at="2024-02-08T11:28:29 IST" name="TC_Login_02" finished-at="2024-02-08T11:28:31 IST" duration-ms="2027" status="PASS">
          <reporter-output>
          </reporter-output>
        </test-method> <!-- TC_Login_02 -->
        <test-method is-config="true" signature="afterClass()[pri:0, instance:testng.AutomationTest3@5677323c]" started-at="2024-02-08T11:28:31 IST" name="afterClass" finished-at="2024-02-08T11:28:32 IST" duration-ms="750" status="PASS">
          <reporter-output>
          </reporter-output>
        </test-method> <!-- afterClass -->
      </class> <!-- testng.AutomationTest3 -->
    </test> <!-- Test1 -->
    <test started-at="2024-02-08T11:28:32 IST" name="Test2" finished-at="2024-02-08T11:28:38 IST" duration-ms="5673">
      <class name="testng.AutomationTest3">
        <test-method is-config="true" signature="launchApp(java.lang.String,java.lang.String)[pri:0, instance:testng.AutomationTest3@2af004b]" started-at="2024-02-08T11:28:32 IST" name="launchApp" finished-at="2024-02-08T11:28:36 IST" duration-ms="3910" status="PASS">
          <params>
            <param index="0">
              <value>
                <![CDATA[chrome]]>
              </value>
            </param>
            <param index="1">
              <value>
                <![CDATA[https://opensource-demo.orangehrmlive.com/web/index.php/auth/login]]>
              </value>
            </param>
          </params>
          <reporter-output>
          </reporter-output>
        </test-method> <!-- launchApp -->
        <test-method signature="TC_Login_01()[pri:0, instance:testng.AutomationTest3@2af004b]" started-at="2024-02-08T11:28:36 IST" name="TC_Login_01" finished-at="2024-02-08T11:28:36 IST" duration-ms="7" status="PASS">
          <reporter-output>
          </reporter-output>
        </test-method> <!-- TC_Login_01 -->
        <test-method signature="TC_Login_02()[pri:0, instance:testng.AutomationTest3@2af004b]" started-at="2024-02-08T11:28:36 IST" name="TC_Login_02" finished-at="2024-02-08T11:28:38 IST" duration-ms="1689" status="PASS">
          <reporter-output>
          </reporter-output>
        </test-method> <!-- TC_Login_02 -->
        <test-method is-config="true" signature="afterClass()[pri:0, instance:testng.AutomationTest3@2af004b]" started-at="2024-02-08T11:28:38 IST" name="afterClass" finished-at="2024-02-08T11:28:38 IST" duration-ms="64" status="PASS">
          <reporter-output>
          </reporter-output>
        </test-method> <!-- afterClass -->
      </class> <!-- testng.AutomationTest3 -->
    </test> <!-- Test2 -->
  </suite> <!-- Suite -->
</testng-results>
