<?xml version="1.0" encoding="UTF-8"?>
<testng-results ignored="0" total="1" passed="1" failed="0" skipped="0">
  <reporter-output>
  </reporter-output>
  <suite started-at="2024-02-16T05:45:17Z" name="Suite" finished-at="2024-02-16T05:45:17Z" duration-ms="22">
    <groups>
    </groups>
    <test started-at="2024-02-16T05:45:17Z" name="Test1" finished-at="2024-02-16T05:45:17Z" duration-ms="22">
      <class name="datadriven.Log4JTest">
        <test-method is-config="true" signature="beforeSuite()[pri:0, instance:datadriven.Log4JTest@6239aba6]" started-at="2024-02-16T05:45:17Z" name="beforeSuite" finished-at="2024-02-16T05:45:17Z" duration-ms="112" status="PASS">
          <reporter-output>
          </reporter-output>
        </test-method> <!-- beforeSuite -->
        <test-method signature="TC_Login_01()[pri:0, instance:datadriven.Log4JTest@6239aba6]" started-at="2024-02-16T05:45:17Z" name="TC_Login_01" finished-at="2024-02-16T05:45:17Z" duration-ms="7" status="PASS">
          <reporter-output>
          </reporter-output>
        </test-method> <!-- TC_Login_01 -->
      </class> <!-- datadriven.Log4JTest -->
    </test> <!-- Test1 -->
  </suite> <!-- Suite -->
</testng-results>
